<?xml version="1.0" encoding="UTF-8"?>
<!-- Generated by org.testng.reporters.JUnitReportReporter -->
<testsuite hostname="HomePC" failures="0" tests="1" name="orangeCRM.orangeCRM.components" time="32.707" errors="0" timestamp="2022-09-13T20:21:12 IST" skipped="0">
  <testcase classname="orangeCRM.orangeCRM.components" name="test" time="32.707"/>
  <system-out/>
</testsuite> <!-- orangeCRM.orangeCRM.components -->
